<?xml version="1.0" encoding="UTF-8"?>
<!-- Generated by org.testng.reporters.JUnitXMLReporter -->
<testsuite hostname="WKWIN6962993" ignored="0" name="Command line test" tests="2" failures="0" timestamp="12 Feb 2020 15:50:03 GMT" time="0.344" errors="0">
  <testcase name="runScenario" time="0.16" classname="io.cucumber.testng.AbstractTestNGCucumberTests"/>
  <testcase name="runScenario" time="0.001" classname="io.cucumber.testng.AbstractTestNGCucumberTests"/>
</testsuite> <!-- Command line test -->
